<?xml version="1.0" encoding="UTF-8"?>
<testsuite xmlns:xsi="http://www.w3.org/2001/XMLSchema-instance" xsi:noNamespaceSchemaLocation="https://maven.apache.org/surefire/maven-surefire-plugin/xsd/surefire-test-report.xsd" name="com.hungnn.AppTest" time="0.047" tests="1" errors="0" skipped="0" failures="0">
  <properties>
    <property name="awt.toolkit" value="sun.awt.X11.XToolkit"/>
    <property name="java.specification.version" value="11"/>
    <property name="sun.cpu.isalist" value=""/>
    <property name="sun.jnu.encoding" value="UTF-8"/>
    <property name="java.class.path" value="/mnt/c/Users/hungnn/IdeaProjects/trashoutjava1/target/test-classes:/mnt/c/Users/hungnn/IdeaProjects/trashoutjava1/target/classes:/home/hungnn/.m2/repository/junit/junit/4.11/junit-4.11.jar:/home/hungnn/.m2/repository/org/hamcrest/hamcrest-core/1.3/hamcrest-core-1.3.jar:/home/hungnn/.m2/repository/com/amazon/alexa/ask-sdk/2.20.0/ask-sdk-2.20.0.jar:/home/hungnn/.m2/repository/com/amazon/alexa/ask-sdk-core/2.20.0/ask-sdk-core-2.20.0.jar:/home/hungnn/.m2/repository/com/amazon/alexa/ask-sdk-runtime/2.20.0/ask-sdk-runtime-2.20.0.jar:/home/hungnn/.m2/repository/com/fasterxml/jackson/core/jackson-core/2.9.9/jackson-core-2.9.9.jar:/home/hungnn/.m2/repository/com/fasterxml/jackson/core/jackson-databind/2.9.9/jackson-databind-2.9.9.jar:/home/hungnn/.m2/repository/com/fasterxml/jackson/datatype/jackson-datatype-jsr310/2.9.9/jackson-datatype-jsr310-2.9.9.jar:/home/hungnn/.m2/repository/com/amazon/alexa/ask-sdk-model/1.18.0/ask-sdk-model-1.18.0.jar:/home/hungnn/.m2/repository/com/fasterxml/jackson/core/jackson-annotations/2.9.9/jackson-annotations-2.9.9.jar:/home/hungnn/.m2/repository/com/amazon/alexa/ask-sdk-lambda-support/2.20.0/ask-sdk-lambda-support-2.20.0.jar:/home/hungnn/.m2/repository/com/amazonaws/aws-lambda-java-core/1.0.0/aws-lambda-java-core-1.0.0.jar:/home/hungnn/.m2/repository/commons-io/commons-io/2.6/commons-io-2.6.jar:/home/hungnn/.m2/repository/com/amazon/alexa/ask-sdk-servlet-support/2.20.0/ask-sdk-servlet-support-2.20.0.jar:/home/hungnn/.m2/repository/commons-codec/commons-codec/1.6/commons-codec-1.6.jar:/home/hungnn/.m2/repository/com/amazon/alexa/ask-sdk-dynamodb-persistence-adapter/2.20.0/ask-sdk-dynamodb-persistence-adapter-2.20.0.jar:/home/hungnn/.m2/repository/com/amazonaws/aws-java-sdk-dynamodb/1.11.420/aws-java-sdk-dynamodb-1.11.420.jar:/home/hungnn/.m2/repository/com/amazonaws/aws-java-sdk-s3/1.11.420/aws-java-sdk-s3-1.11.420.jar:/home/hungnn/.m2/repository/com/amazonaws/aws-java-sdk-kms/1.11.420/aws-java-sdk-kms-1.11.420.jar:/home/hungnn/.m2/repository/com/amazonaws/aws-java-sdk-core/1.11.420/aws-java-sdk-core-1.11.420.jar:/home/hungnn/.m2/repository/software/amazon/ion/ion-java/1.0.2/ion-java-1.0.2.jar:/home/hungnn/.m2/repository/com/fasterxml/jackson/dataformat/jackson-dataformat-cbor/2.6.7/jackson-dataformat-cbor-2.6.7.jar:/home/hungnn/.m2/repository/joda-time/joda-time/2.8.1/joda-time-2.8.1.jar:/home/hungnn/.m2/repository/com/amazonaws/jmespath-java/1.11.420/jmespath-java-1.11.420.jar:/home/hungnn/.m2/repository/com/amazon/alexa/ask-sdk-apache-client/2.20.0/ask-sdk-apache-client-2.20.0.jar:/home/hungnn/.m2/repository/org/apache/httpcomponents/httpclient/4.5.5/httpclient-4.5.5.jar:/home/hungnn/.m2/repository/org/apache/httpcomponents/httpcore/4.4.9/httpcore-4.4.9.jar:/home/hungnn/.m2/repository/commons-logging/commons-logging/1.2/commons-logging-1.2.jar:/home/hungnn/.m2/repository/com/amazon/alexa/ask-sdk-freemarker/2.20.0/ask-sdk-freemarker-2.20.0.jar:/home/hungnn/.m2/repository/org/freemarker/freemarker/2.3.28/freemarker-2.3.28.jar:/home/hungnn/.m2/repository/org/apache/logging/log4j/log4j-slf4j-impl/2.8.2/log4j-slf4j-impl-2.8.2.jar:/home/hungnn/.m2/repository/org/slf4j/slf4j-api/1.7.24/slf4j-api-1.7.24.jar:/home/hungnn/.m2/repository/org/apache/logging/log4j/log4j-api/2.8.2/log4j-api-2.8.2.jar:"/>
    <property name="java.vm.vendor" value="Oracle Corporation"/>
    <property name="sun.arch.data.model" value="64"/>
    <property name="java.vendor.url" value="http://java.oracle.com/"/>
    <property name="user.timezone" value=""/>
    <property name="descriptorId" value="jar-with-dependencies"/>
    <property name="java.vm.specification.version" value="11"/>
    <property name="os.name" value="Linux"/>
    <property name="sun.java.launcher" value="SUN_STANDARD"/>
    <property name="sun.boot.library.path" value="/usr/lib/jvm/java-11-openjdk-amd64/lib"/>
    <property name="sun.java.command" value="/mnt/c/Users/hungnn/IdeaProjects/trashoutjava1/target/surefire/surefirebooter7203739634873773011.jar /mnt/c/Users/hungnn/IdeaProjects/trashoutjava1/target/surefire 2019-07-03T04-46-04_646-jvmRun1 surefire16160884440626485218tmp surefire_03100301552764332550tmp"/>
    <property name="jdk.debug" value="release"/>
    <property name="surefire.test.class.path" value="/mnt/c/Users/hungnn/IdeaProjects/trashoutjava1/target/test-classes:/mnt/c/Users/hungnn/IdeaProjects/trashoutjava1/target/classes:/home/hungnn/.m2/repository/junit/junit/4.11/junit-4.11.jar:/home/hungnn/.m2/repository/org/hamcrest/hamcrest-core/1.3/hamcrest-core-1.3.jar:/home/hungnn/.m2/repository/com/amazon/alexa/ask-sdk/2.20.0/ask-sdk-2.20.0.jar:/home/hungnn/.m2/repository/com/amazon/alexa/ask-sdk-core/2.20.0/ask-sdk-core-2.20.0.jar:/home/hungnn/.m2/repository/com/amazon/alexa/ask-sdk-runtime/2.20.0/ask-sdk-runtime-2.20.0.jar:/home/hungnn/.m2/repository/com/fasterxml/jackson/core/jackson-core/2.9.9/jackson-core-2.9.9.jar:/home/hungnn/.m2/repository/com/fasterxml/jackson/core/jackson-databind/2.9.9/jackson-databind-2.9.9.jar:/home/hungnn/.m2/repository/com/fasterxml/jackson/datatype/jackson-datatype-jsr310/2.9.9/jackson-datatype-jsr310-2.9.9.jar:/home/hungnn/.m2/repository/com/amazon/alexa/ask-sdk-model/1.18.0/ask-sdk-model-1.18.0.jar:/home/hungnn/.m2/repository/com/fasterxml/jackson/core/jackson-annotations/2.9.9/jackson-annotations-2.9.9.jar:/home/hungnn/.m2/repository/com/amazon/alexa/ask-sdk-lambda-support/2.20.0/ask-sdk-lambda-support-2.20.0.jar:/home/hungnn/.m2/repository/com/amazonaws/aws-lambda-java-core/1.0.0/aws-lambda-java-core-1.0.0.jar:/home/hungnn/.m2/repository/commons-io/commons-io/2.6/commons-io-2.6.jar:/home/hungnn/.m2/repository/com/amazon/alexa/ask-sdk-servlet-support/2.20.0/ask-sdk-servlet-support-2.20.0.jar:/home/hungnn/.m2/repository/commons-codec/commons-codec/1.6/commons-codec-1.6.jar:/home/hungnn/.m2/repository/com/amazon/alexa/ask-sdk-dynamodb-persistence-adapter/2.20.0/ask-sdk-dynamodb-persistence-adapter-2.20.0.jar:/home/hungnn/.m2/repository/com/amazonaws/aws-java-sdk-dynamodb/1.11.420/aws-java-sdk-dynamodb-1.11.420.jar:/home/hungnn/.m2/repository/com/amazonaws/aws-java-sdk-s3/1.11.420/aws-java-sdk-s3-1.11.420.jar:/home/hungnn/.m2/repository/com/amazonaws/aws-java-sdk-kms/1.11.420/aws-java-sdk-kms-1.11.420.jar:/home/hungnn/.m2/repository/com/amazonaws/aws-java-sdk-core/1.11.420/aws-java-sdk-core-1.11.420.jar:/home/hungnn/.m2/repository/software/amazon/ion/ion-java/1.0.2/ion-java-1.0.2.jar:/home/hungnn/.m2/repository/com/fasterxml/jackson/dataformat/jackson-dataformat-cbor/2.6.7/jackson-dataformat-cbor-2.6.7.jar:/home/hungnn/.m2/repository/joda-time/joda-time/2.8.1/joda-time-2.8.1.jar:/home/hungnn/.m2/repository/com/amazonaws/jmespath-java/1.11.420/jmespath-java-1.11.420.jar:/home/hungnn/.m2/repository/com/amazon/alexa/ask-sdk-apache-client/2.20.0/ask-sdk-apache-client-2.20.0.jar:/home/hungnn/.m2/repository/org/apache/httpcomponents/httpclient/4.5.5/httpclient-4.5.5.jar:/home/hungnn/.m2/repository/org/apache/httpcomponents/httpcore/4.4.9/httpcore-4.4.9.jar:/home/hungnn/.m2/repository/commons-logging/commons-logging/1.2/commons-logging-1.2.jar:/home/hungnn/.m2/repository/com/amazon/alexa/ask-sdk-freemarker/2.20.0/ask-sdk-freemarker-2.20.0.jar:/home/hungnn/.m2/repository/org/freemarker/freemarker/2.3.28/freemarker-2.3.28.jar:/home/hungnn/.m2/repository/org/apache/logging/log4j/log4j-slf4j-impl/2.8.2/log4j-slf4j-impl-2.8.2.jar:/home/hungnn/.m2/repository/org/slf4j/slf4j-api/1.7.24/slf4j-api-1.7.24.jar:/home/hungnn/.m2/repository/org/apache/logging/log4j/log4j-api/2.8.2/log4j-api-2.8.2.jar:"/>
    <property name="sun.cpu.endian" value="little"/>
    <property name="user.home" value="/home/hungnn"/>
    <property name="user.language" value="en"/>
    <property name="java.specification.vendor" value="Oracle Corporation"/>
    <property name="java.version.date" value="2019-04-16"/>
    <property name="java.home" value="/usr/lib/jvm/java-11-openjdk-amd64"/>
    <property name="file.separator" value="/"/>
    <property name="basedir" value="/mnt/c/Users/hungnn/IdeaProjects/trashoutjava1"/>
    <property name="java.vm.compressedOopsMode" value="32-bit"/>
    <property name="line.separator" value="&#10;"/>
    <property name="java.specification.name" value="Java Platform API Specification"/>
    <property name="java.vm.specification.vendor" value="Oracle Corporation"/>
    <property name="java.awt.graphicsenv" value="sun.awt.X11GraphicsEnvironment"/>
    <property name="surefire.real.class.path" value="/mnt/c/Users/hungnn/IdeaProjects/trashoutjava1/target/surefire/surefirebooter7203739634873773011.jar"/>
    <property name="sun.management.compiler" value="HotSpot 64-Bit Tiered Compilers"/>
    <property name="java.runtime.version" value="11.0.3+7-Ubuntu-1ubuntu218.04.1"/>
    <property name="user.name" value="hungnn"/>
    <property name="path.separator" value=":"/>
    <property name="os.version" value="4.4.0-17134-Microsoft"/>
    <property name="java.runtime.name" value="OpenJDK Runtime Environment"/>
    <property name="file.encoding" value="UTF-8"/>
    <property name="java.vm.name" value="OpenJDK 64-Bit Server VM"/>
    <property name="localRepository" value="/home/hungnn/.m2/repository"/>
    <property name="java.vendor.url.bug" value="http://bugreport.java.com/bugreport/"/>
    <property name="java.io.tmpdir" value="/tmp"/>
    <property name="java.version" value="11.0.3"/>
    <property name="user.dir" value="/mnt/c/Users/hungnn/IdeaProjects/trashoutjava1"/>
    <property name="os.arch" value="amd64"/>
    <property name="java.vm.specification.name" value="Java Virtual Machine Specification"/>
    <property name="java.awt.printerjob" value="sun.print.PSPrinterJob"/>
    <property name="sun.os.patch.level" value="unknown"/>
    <property name="java.library.path" value="/usr/java/packages/lib:/usr/lib/x86_64-linux-gnu/jni:/lib/x86_64-linux-gnu:/usr/lib/x86_64-linux-gnu:/usr/lib/jni:/lib:/usr/lib"/>
    <property name="java.vendor" value="Oracle Corporation"/>
    <property name="java.vm.info" value="mixed mode, sharing"/>
    <property name="java.vm.version" value="11.0.3+7-Ubuntu-1ubuntu218.04.1"/>
    <property name="sun.io.unicode.encoding" value="UnicodeLittle"/>
    <property name="java.class.version" value="55.0"/>
  </properties>
  <testcase name="shouldAnswerWithTrue" classname="com.hungnn.AppTest" time="0.002"/>
</testsuite>